Log file open, 10/24/20 17:56:30
LogInit: Display: Running engine for game: BullCowGame
LogPlatformFile: Not using cached read wrapper
LogTaskGraph: Started task graph with 5 named threads and 35 total threads with 3 sets of task threads.
LogStats: Stats thread started at 0.181226
LogD3D11RHI: Loaded GFSDK_Aftermath_Lib.x64.dll
LogICUInternationalization: ICU TimeZone Detection - Raw Offset: +5:30, Platform Override: ''
LogPluginManager: Mounting plugin Paper2D
LogPluginManager: Mounting plugin AISupport
LogPluginManager: Mounting plugin LightPropagationVolume
LogPluginManager: Mounting plugin CameraShakePreviewer
LogPluginManager: Mounting plugin ActorLayerUtilities
LogPluginManager: Mounting plugin AnimationSharing
LogPluginManager: Mounting plugin CLionSourceCodeAccess
LogPluginManager: Mounting plugin CodeLiteSourceCodeAccess
LogPluginManager: Mounting plugin GitSourceControl
LogPluginManager: Mounting plugin KDevelopSourceCodeAccess
LogPluginManager: Mounting plugin NullSourceCodeAccess
LogPluginManager: Mounting plugin PerforceSourceControl
LogPluginManager: Mounting plugin PlasticSourceControl
LogPluginManager: Mounting plugin RiderSourceCodeAccess
LogPluginManager: Mounting plugin SubversionSourceControl
LogPluginManager: Mounting plugin UObjectPlugin
LogPluginManager: Mounting plugin VisualStudioCodeSourceCodeAccess
LogPluginManager: Mounting plugin VisualStudioSourceCodeAccess
LogPluginManager: Mounting plugin XCodeSourceCodeAccess
LogPluginManager: Mounting plugin AssetManagerEditor
LogPluginManager: Mounting plugin CryptoKeys
LogPluginManager: Mounting plugin CurveEditorTools
LogPluginManager: Mounting plugin DataValidation
LogPluginManager: Mounting plugin EditorScriptingUtilities
LogPluginManager: Mounting plugin FacialAnimation
LogPluginManager: Mounting plugin GameplayTagsEditor
LogPluginManager: Mounting plugin GeometryMode
LogPluginManager: Mounting plugin MacGraphicsSwitching
LogPluginManager: Mounting plugin MaterialAnalyzer
LogPluginManager: Mounting plugin MobileLauncherProfileWizard
LogPluginManager: Mounting plugin PluginBrowser
LogPluginManager: Mounting plugin SpeedTreeImporter
LogPluginManager: Mounting plugin DatasmithContent
LogPluginManager: Mounting plugin VariantManagerContent
LogPluginManager: Mounting plugin AlembicImporter
LogPluginManager: Mounting plugin AutomationUtils
LogPluginManager: Mounting plugin BackChannel
LogPluginManager: Mounting plugin ChaosCloth
LogPluginManager: Mounting plugin ChaosClothEditor
LogPluginManager: Mounting plugin ChaosEditor
LogPluginManager: Mounting plugin ChaosNiagara
LogPluginManager: Mounting plugin ChaosSolverPlugin
LogPluginManager: Mounting plugin CharacterAI
LogPluginManager: Mounting plugin GeometryCache
LogPluginManager: Mounting plugin GeometryCollectionPlugin
LogPluginManager: Mounting plugin GeometryProcessing
LogPluginManager: Mounting plugin PlanarCut
LogPluginManager: Mounting plugin PlatformCrypto
LogPluginManager: Mounting plugin ProxyLODPlugin
LogPluginManager: Mounting plugin SkeletalReduction
LogPluginManager: Mounting plugin Niagara
LogPluginManager: Mounting plugin MagicLeap
LogPluginManager: Mounting plugin MagicLeapLightEstimation
LogPluginManager: Mounting plugin MagicLeapMedia
LogPluginManager: Mounting plugin MagicLeapPassableWorld
LogPluginManager: Mounting plugin MLSDK
LogPluginManager: Mounting plugin AndroidMedia
LogPluginManager: Mounting plugin AvfMedia
LogPluginManager: Mounting plugin ImgMedia
LogPluginManager: Mounting plugin MediaCompositing
LogPluginManager: Mounting plugin MediaPlayerEditor
LogPluginManager: Mounting plugin WebMMedia
LogPluginManager: Mounting plugin WmfMedia
LogPluginManager: Mounting plugin MeshPainting
LogPluginManager: Mounting plugin TcpMessaging
LogPluginManager: Mounting plugin UdpMessaging
LogPluginManager: Mounting plugin ActorSequence
LogPluginManager: Mounting plugin LevelSequenceEditor
LogPluginManager: Mounting plugin MatineeToLevelSequence
LogPluginManager: Mounting plugin MovieRenderPipeline
LogPluginManager: Mounting plugin TemplateSequence
LogPluginManager: Mounting plugin NetcodeUnitTest
LogPluginManager: Mounting plugin NUTUnrealEngine4
LogPluginManager: Mounting plugin OnlineSubsystemGooglePlay
LogPluginManager: Mounting plugin OnlineSubsystemIOS
LogPluginManager: Mounting plugin OnlineSubsystem
LogPluginManager: Mounting plugin OnlineSubsystemNull
LogPluginManager: Mounting plugin OnlineSubsystemUtils
LogPluginManager: Mounting plugin LauncherChunkInstaller
LogPluginManager: Mounting plugin AndroidDeviceProfileSelector
LogPluginManager: Mounting plugin AndroidMoviePlayer
LogPluginManager: Mounting plugin AndroidPermission
LogPluginManager: Mounting plugin AppleImageUtils
LogPluginManager: Mounting plugin AppleMoviePlayer
LogPluginManager: Mounting plugin ArchVisCharacter
LogPluginManager: Mounting plugin AssetTags
LogPluginManager: Mounting plugin AudioCapture
LogPluginManager: Mounting plugin CableComponent
LogPluginManager: Mounting plugin CustomMeshComponent
LogPluginManager: Mounting plugin EditableMesh
LogPluginManager: Mounting plugin ExampleDeviceProfileSelector
LogPluginManager: Mounting plugin GoogleCloudMessaging
LogPluginManager: Mounting plugin GooglePAD
LogPluginManager: Mounting plugin IOSDeviceProfileSelector
LogPluginManager: Mounting plugin LinuxDeviceProfileSelector
LogPluginManager: Mounting plugin LocationServicesBPLibrary
LogPluginManager: Mounting plugin MobilePatchingUtils
LogPluginManager: Mounting plugin OculusVR
LogPluginManager: Mounting plugin PhysXVehicles
LogPluginManager: Mounting plugin PostSplashScreen
LogPluginManager: Mounting plugin ProceduralMeshComponent
LogPluginManager: Mounting plugin RuntimePhysXCooking
LogPluginManager: Mounting plugin SignificanceManager
LogPluginManager: Mounting plugin SoundFields
LogPluginManager: Mounting plugin SteamVR
LogPluginManager: Mounting plugin Synthesis
LogPluginManager: Mounting plugin WebMMoviePlayer
LogPluginManager: Mounting plugin WindowsMoviePlayer
LogPluginManager: Mounting plugin ScreenshotTools
LogInit: Using libcurl 7.55.1-DEV
LogInit:  - built for x86_64-pc-win32
LogInit:  - supports SSL with OpenSSL/1.1.1
LogInit:  - supports HTTP deflate (compression) using libz 1.2.8
LogInit:  - other features:
LogInit:      CURL_VERSION_SSL
LogInit:      CURL_VERSION_LIBZ
LogInit:      CURL_VERSION_IPV6
LogInit:      CURL_VERSION_ASYNCHDNS
LogInit:      CURL_VERSION_LARGEFILE
LogInit:      CURL_VERSION_IDN
LogInit:  CurlRequestOptions (configurable via config and command line):
LogInit:  - bVerifyPeer = true  - Libcurl will verify peer certificate
LogInit:  - bUseHttpProxy = false  - Libcurl will NOT use HTTP proxy
LogInit:  - bDontReuseConnections = false  - Libcurl will reuse connections
LogInit:  - MaxHostConnections = 16  - Libcurl will limit the number of connections to a host
LogInit:  - LocalHostAddr = Default
LogInit:  - BufferSize = 65536
LogOnline: OSS: Creating online subsystem instance for: NULL
LogInit: WinSock: version 1.1 (2.2), MaxSocks=32767, MaxUdp=65467
LogOnline: OSS: TryLoadSubsystemAndSetDefault: Loaded subsystem for module [NULL]
LogInit: Build: ++UE4+Release-4.25-CL-13942748
LogInit: Engine Version: 4.25.3-13942748+++UE4+Release-4.25
LogInit: Compatible Engine Version: 4.25.0-13144385+++UE4+Release-4.25
LogInit: Net CL: 13144385
LogInit: OS: Windows 10 (Release 2004) (), CPU: AMD Ryzen 5 2600 Six-Core Processor            , GPU: NVIDIA GeForce RTX 2060
LogInit: Compiled (64-bit): Jul 25 2020 02:07:48
LogInit: Compiled with Visual C++: 19.24.28315.00
LogInit: Build Configuration: Development
LogInit: Branch Name: ++UE4+Release-4.25
LogInit: Command Line:  -EpicPortal -epicusername=abhidex -epicuserid=dd2314364fcb44b0b4ae71ddc43ad19e -epiclocale=en
LogInit: Base Directory: D:/Unreal Engine/UE_4.25/Engine/Binaries/Win64/
LogInit: Allocator: TBB
LogInit: Installed Engine Build: 1
LogDevObjectVersion: Number of dev versions registered: 26
LogDevObjectVersion:   Dev-Blueprints (B0D832E4-1F89-4F0D-ACCF-7EB736FD4AA2): 10
LogDevObjectVersion:   Dev-Build (E1C64328-A22C-4D53-A36C-8E866417BD8C): 0
LogDevObjectVersion:   Dev-Core (375EC13C-06E4-48FB-B500-84F0262A717E): 4
LogDevObjectVersion:   Dev-Editor (E4B068ED-F494-42E9-A231-DA0B2E46BB41): 38
LogDevObjectVersion:   Dev-Framework (CFFC743F-43B0-4480-9391-14DF171D2073): 37
LogDevObjectVersion:   Dev-Mobile (B02B49B5-BB20-44E9-A304-32B752E40360): 2
LogDevObjectVersion:   Dev-Networking (A4E4105C-59A1-49B5-A7C5-40C4547EDFEE): 0
LogDevObjectVersion:   Dev-Online (39C831C9-5AE6-47DC-9A44-9C173E1C8E7C): 0
LogDevObjectVersion:   Dev-Physics (78F01B33-EBEA-4F98-B9B4-84EACCB95AA2): 4
LogDevObjectVersion:   Dev-Platform (6631380F-2D4D-43E0-8009-CF276956A95A): 0
LogDevObjectVersion:   Dev-Rendering (12F88B9F-8875-4AFC-A67C-D90C383ABD29): 43
LogDevObjectVersion:   Dev-Sequencer (7B5AE74C-D270-4C10-A958-57980B212A5A): 12
LogDevObjectVersion:   Dev-VR (D7296918-1DD6-4BDD-9DE2-64A83CC13884): 3
LogDevObjectVersion:   Dev-LoadTimes (C2A15278-BFE7-4AFE-6C17-90FF531DF755): 1
LogDevObjectVersion:   Private-Geometry (6EACA3D4-40EC-4CC1-B786-8BED09428FC5): 3
LogDevObjectVersion:   Dev-AnimPhys (29E575DD-E0A3-4627-9D10-D276232CDCEA): 17
LogDevObjectVersion:   Dev-Anim (AF43A65D-7FD3-4947-9873-3E8ED9C1BB05): 7
LogDevObjectVersion:   Dev-ReflectionCapture (6B266CEC-1EC7-4B8F-A30B-E4D90942FC07): 1
LogDevObjectVersion:   Dev-Automation (0DF73D61-A23F-47EA-B727-89E90C41499A): 1
LogDevObjectVersion:   FortniteMain (601D1886-AC64-4F84-AA16-D3DE0DEAC7D6): 31
LogDevObjectVersion:   Dev-Enterprise (9DFFBCD6-494F-0158-E221-12823C92A888): 10
LogDevObjectVersion:   Dev-Niagara (F2AED0AC-9AFE-416F-8664-AA7FFA26D6FC): 1
LogDevObjectVersion:   Dev-Destruction (174F1F0B-B4C6-45A5-B13F-2EE8D0FB917D): 10
LogDevObjectVersion:   Dev-Physics-Ext (35F94A83-E258-406C-A318-09F59610247C): 37
LogDevObjectVersion:   Dev-PhysicsMaterial-Chaos (B68FC16E-8B1B-42E2-B453-215C058844FE): 1
LogDevObjectVersion:   Dev-CineCamera (B2E18506-4273-CFC2-A54E-F4BB758BBA07): 1
LogInit: Presizing for max 25165824 objects, including 0 objects not considered by GC, pre-allocating 0 bytes for permanent pool.
LogConfig: Applying CVar settings from Section [/Script/Engine.StreamingSettings] File [D:/Unreal Projects/Bulls_and_Cows__UnrealEngine/BullsAndCows/Saved/Config/Windows/Engine.ini]
LogConfig: Setting CVar [[s.MinBulkDataSizeForAsyncLoading:131072]]
LogConfig: Setting CVar [[s.AsyncLoadingThreadEnabled:0]]
LogConfig: Setting CVar [[s.EventDrivenLoaderEnabled:1]]
LogConfig: Setting CVar [[s.WarnIfTimeLimitExceeded:0]]
LogConfig: Setting CVar [[s.TimeLimitExceededMultiplier:1.5]]
LogConfig: Setting CVar [[s.TimeLimitExceededMinTime:0.005]]
LogConfig: Setting CVar [[s.UseBackgroundLevelStreaming:1]]
LogConfig: Setting CVar [[s.PriorityAsyncLoadingExtraTime:15.0]]
LogConfig: Setting CVar [[s.LevelStreamingActorsUpdateTimeLimit:5.0]]
LogConfig: Setting CVar [[s.PriorityLevelStreamingActorsUpdateExtraTime:5.0]]
LogConfig: Setting CVar [[s.LevelStreamingComponentsRegistrationGranularity:10]]
LogConfig: Setting CVar [[s.UnregisterComponentsTimeLimit:1.0]]
LogConfig: Setting CVar [[s.LevelStreamingComponentsUnregistrationGranularity:5]]
LogConfig: Setting CVar [[s.FlushStreamingOnExit:1]]
LogInit: Object subsystem initialized
LogConfig: Setting CVar [[con.DebugEarlyDefault:1]]
LogConfig: Setting CVar [[r.setres:1280x720]]
[2020.10.24-12.26.31:240][  0]LogConfig: Setting CVar [[r.VSync:0]]
[2020.10.24-12.26.31:240][  0]LogConfig: Setting CVar [[r.RHICmdBypass:0]]
[2020.10.24-12.26.31:240][  0]LogConfig: Applying CVar settings from Section [/Script/Engine.RendererSettings] File [D:/Unreal Projects/Bulls_and_Cows__UnrealEngine/BullsAndCows/Saved/Config/Windows/Engine.ini]
[2020.10.24-12.26.31:240][  0]LogConfig: Setting CVar [[r.GPUCrashDebugging:0]]
[2020.10.24-12.26.31:240][  0]LogConfig: Setting CVar [[r.DefaultFeature.AutoExposure.ExtendDefaultLuminanceRange:1]]
[2020.10.24-12.26.31:240][  0]LogConfig: Applying CVar settings from Section [/Script/Engine.RendererOverrideSettings] File [D:/Unreal Projects/Bulls_and_Cows__UnrealEngine/BullsAndCows/Saved/Config/Windows/Engine.ini]
[2020.10.24-12.26.31:240][  0]LogConfig: Applying CVar settings from Section [/Script/Engine.StreamingSettings] File [D:/Unreal Projects/Bulls_and_Cows__UnrealEngine/BullsAndCows/Saved/Config/Windows/Engine.ini]
[2020.10.24-12.26.31:240][  0]LogConfig: Setting CVar [[s.MinBulkDataSizeForAsyncLoading:131072]]
[2020.10.24-12.26.31:240][  0]LogConfig: Setting CVar [[s.AsyncLoadingThreadEnabled:0]]
[2020.10.24-12.26.31:240][  0]LogConfig: Setting CVar [[s.EventDrivenLoaderEnabled:1]]
[2020.10.24-12.26.31:240][  0]LogConfig: Setting CVar [[s.WarnIfTimeLimitExceeded:0]]
[2020.10.24-12.26.31:240][  0]LogConfig: Setting CVar [[s.TimeLimitExceededMultiplier:1.5]]
[2020.10.24-12.26.31:240][  0]LogConfig: Setting CVar [[s.TimeLimitExceededMinTime:0.005]]
[2020.10.24-12.26.31:240][  0]LogConfig: Setting CVar [[s.UseBackgroundLevelStreaming:1]]
[2020.10.24-12.26.31:240][  0]LogConfig: Setting CVar [[s.PriorityAsyncLoadingExtraTime:15.0]]
[2020.10.24-12.26.31:240][  0]LogConfig: Setting CVar [[s.LevelStreamingActorsUpdateTimeLimit:5.0]]
[2020.10.24-12.26.31:240][  0]LogConfig: Setting CVar [[s.PriorityLevelStreamingActorsUpdateExtraTime:5.0]]
[2020.10.24-12.26.31:240][  0]LogConfig: Setting CVar [[s.LevelStreamingComponentsRegistrationGranularity:10]]
[2020.10.24-12.26.31:240][  0]LogConfig: Setting CVar [[s.UnregisterComponentsTimeLimit:1.0]]
[2020.10.24-12.26.31:240][  0]LogConfig: Setting CVar [[s.LevelStreamingComponentsUnregistrationGranularity:5]]
[2020.10.24-12.26.31:240][  0]LogConfig: Setting CVar [[s.FlushStreamingOnExit:1]]
[2020.10.24-12.26.31:240][  0]LogConfig: Applying CVar settings from Section [/Script/Engine.GarbageCollectionSettings] File [D:/Unreal Projects/Bulls_and_Cows__UnrealEngine/BullsAndCows/Saved/Config/Windows/Engine.ini]
[2020.10.24-12.26.31:240][  0]LogConfig: Setting CVar [[gc.MaxObjectsNotConsideredByGC:1]]
[2020.10.24-12.26.31:240][  0]LogConfig: Setting CVar [[gc.SizeOfPermanentObjectPool:0]]
[2020.10.24-12.26.31:240][  0]LogConfig: Setting CVar [[gc.FlushStreamingOnGC:0]]
[2020.10.24-12.26.31:240][  0]LogConfig: Setting CVar [[gc.NumRetriesBeforeForcingGC:10]]
[2020.10.24-12.26.31:240][  0]LogConfig: Setting CVar [[gc.AllowParallelGC:1]]
[2020.10.24-12.26.31:240][  0]LogConfig: Setting CVar [[gc.TimeBetweenPurgingPendingKillObjects:61.1]]
[2020.10.24-12.26.31:240][  0]LogConfig: Setting CVar [[gc.MaxObjectsInEditor:25165824]]
[2020.10.24-12.26.31:240][  0]LogConfig: Setting CVar [[gc.IncrementalBeginDestroyEnabled:1]]
[2020.10.24-12.26.31:240][  0]LogConfig: Setting CVar [[gc.CreateGCClusters:1]]
[2020.10.24-12.26.31:240][  0]LogConfig: Setting CVar [[gc.MinGCClusterSize:5]]
[2020.10.24-12.26.31:240][  0]LogConfig: Setting CVar [[gc.ActorClusteringEnabled:0]]
[2020.10.24-12.26.31:240][  0]LogConfig: Setting CVar [[gc.BlueprintClusteringEnabled:0]]
[2020.10.24-12.26.31:240][  0]LogConfig: Setting CVar [[gc.UseDisregardForGCOnDedicatedServers:0]]
[2020.10.24-12.26.31:240][  0]LogConfig: Applying CVar settings from Section [/Script/Engine.NetworkSettings] File [D:/Unreal Projects/Bulls_and_Cows__UnrealEngine/BullsAndCows/Saved/Config/Windows/Engine.ini]
[2020.10.24-12.26.31:240][  0]LogConfig: Applying CVar settings from Section [/Script/UnrealEd.CookerSettings] File [D:/Unreal Projects/Bulls_and_Cows__UnrealEngine/BullsAndCows/Saved/Config/Windows/Engine.ini]
[2020.10.24-12.26.31:242][  0]LogConfig: Applying CVar settings from Section [ViewDistanceQuality@3] File [D:/Unreal Projects/Bulls_and_Cows__UnrealEngine/BullsAndCows/Saved/Config/Windows/Scalability.ini]
[2020.10.24-12.26.31:242][  0]LogConfig: Setting CVar [[r.SkeletalMeshLODBias:0]]
[2020.10.24-12.26.31:242][  0]LogConfig: Setting CVar [[r.ViewDistanceScale:1.0]]
[2020.10.24-12.26.31:242][  0]LogConfig: Applying CVar settings from Section [AntiAliasingQuality@3] File [D:/Unreal Projects/Bulls_and_Cows__UnrealEngine/BullsAndCows/Saved/Config/Windows/Scalability.ini]
[2020.10.24-12.26.31:242][  0]LogConfig: Setting CVar [[r.PostProcessAAQuality:4]]
[2020.10.24-12.26.31:242][  0]LogConfig: Applying CVar settings from Section [ShadowQuality@3] File [D:/Unreal Projects/Bulls_and_Cows__UnrealEngine/BullsAndCows/Saved/Config/Windows/Scalability.ini]
[2020.10.24-12.26.31:242][  0]LogConfig: Setting CVar [[r.LightFunctionQuality:1]]
[2020.10.24-12.26.31:242][  0]LogConfig: Setting CVar [[r.ShadowQuality:5]]
[2020.10.24-12.26.31:242][  0]LogConfig: Setting CVar [[r.Shadow.CSM.MaxCascades:10]]
[2020.10.24-12.26.31:243][  0]LogConfig: Setting CVar [[r.Shadow.MaxResolution:2048]]
[2020.10.24-12.26.31:243][  0]LogConfig: Setting CVar [[r.Shadow.MaxCSMResolution:2048]]
[2020.10.24-12.26.31:243][  0]LogConfig: Setting CVar [[r.Shadow.RadiusThreshold:0.01]]
[2020.10.24-12.26.31:243][  0]LogConfig: Setting CVar [[r.Shadow.DistanceScale:1.0]]
[2020.10.24-12.26.31:243][  0]LogConfig: Setting CVar [[r.Shadow.CSM.TransitionScale:1.0]]
[2020.10.24-12.26.31:243][  0]LogConfig: Setting CVar [[r.Shadow.PreShadowResolutionFactor:1.0]]
[2020.10.24-12.26.31:243][  0]LogConfig: Setting CVar [[r.DistanceFieldShadowing:1]]
[2020.10.24-12.26.31:243][  0]LogConfig: Setting CVar [[r.DistanceFieldAO:1]]
[2020.10.24-12.26.31:243][  0]LogConfig: Setting CVar [[r.AOQuality:2]]
[2020.10.24-12.26.31:243][  0]LogConfig: Setting CVar [[r.VolumetricFog:1]]
[2020.10.24-12.26.31:243][  0]LogConfig: Setting CVar [[r.VolumetricFog.GridPixelSize:8]]
[2020.10.24-12.26.31:243][  0]LogConfig: Setting CVar [[r.VolumetricFog.GridSizeZ:128]]
[2020.10.24-12.26.31:243][  0]LogConfig: Setting CVar [[r.VolumetricFog.HistoryMissSupersampleCount:4]]
[2020.10.24-12.26.31:243][  0]LogConfig: Setting CVar [[r.LightMaxDrawDistanceScale:1]]
[2020.10.24-12.26.31:243][  0]LogConfig: Setting CVar [[r.CapsuleShadows:1]]
[2020.10.24-12.26.31:243][  0]LogConfig: Applying CVar settings from Section [PostProcessQuality@3] File [D:/Unreal Projects/Bulls_and_Cows__UnrealEngine/BullsAndCows/Saved/Config/Windows/Scalability.ini]
[2020.10.24-12.26.31:243][  0]LogConfig: Setting CVar [[r.MotionBlurQuality:4]]
[2020.10.24-12.26.31:243][  0]LogConfig: Setting CVar [[r.AmbientOcclusionMipLevelFactor:0.4]]
[2020.10.24-12.26.31:243][  0]LogConfig: Setting CVar [[r.AmbientOcclusionMaxQuality:100]]
[2020.10.24-12.26.31:243][  0]LogConfig: Setting CVar [[r.AmbientOcclusionLevels:-1]]
[2020.10.24-12.26.31:243][  0]LogConfig: Setting CVar [[r.AmbientOcclusionRadiusScale:1.0]]
[2020.10.24-12.26.31:243][  0]LogConfig: Setting CVar [[r.DepthOfFieldQuality:2]]
[2020.10.24-12.26.31:243][  0]LogConfig: Setting CVar [[r.RenderTargetPoolMin:400]]
[2020.10.24-12.26.31:243][  0]LogConfig: Setting CVar [[r.LensFlareQuality:2]]
[2020.10.24-12.26.31:243][  0]LogConfig: Setting CVar [[r.SceneColorFringeQuality:1]]
[2020.10.24-12.26.31:243][  0]LogConfig: Setting CVar [[r.EyeAdaptationQuality:2]]
[2020.10.24-12.26.31:243][  0]LogConfig: Setting CVar [[r.BloomQuality:5]]
[2020.10.24-12.26.31:243][  0]LogConfig: Setting CVar [[r.FastBlurThreshold:100]]
[2020.10.24-12.26.31:243][  0]LogConfig: Setting CVar [[r.Upscale.Quality:3]]
[2020.10.24-12.26.31:243][  0]LogConfig: Setting CVar [[r.Tonemapper.GrainQuantization:1]]
[2020.10.24-12.26.31:243][  0]LogConfig: Setting CVar [[r.LightShaftQuality:1]]
[2020.10.24-12.26.31:243][  0]LogConfig: Setting CVar [[r.Filter.SizeScale:1]]
[2020.10.24-12.26.31:243][  0]LogConfig: Setting CVar [[r.Tonemapper.Quality:5]]
[2020.10.24-12.26.31:243][  0]LogConfig: Setting CVar [[r.DOF.Gather.AccumulatorQuality:1        ; higher gathering accumulator quality]]
[2020.10.24-12.26.31:243][  0]LogConfig: Setting CVar [[r.DOF.Gather.PostfilterMethod:1          ; Median3x3 postfilering method]]
[2020.10.24-12.26.31:243][  0]LogConfig: Setting CVar [[r.DOF.Gather.EnableBokehSettings:0       ; no bokeh simulation when gathering]]
[2020.10.24-12.26.31:243][  0]LogConfig: Setting CVar [[r.DOF.Gather.RingCount:4                 ; medium number of samples when gathering]]
[2020.10.24-12.26.31:243][  0]LogConfig: Setting CVar [[r.DOF.Scatter.ForegroundCompositing:1    ; additive foreground scattering]]
[2020.10.24-12.26.31:243][  0]LogConfig: Setting CVar [[r.DOF.Scatter.BackgroundCompositing:2    ; additive background scattering]]
[2020.10.24-12.26.31:243][  0]LogConfig: Setting CVar [[r.DOF.Scatter.EnableBokehSettings:1      ; bokeh simulation when scattering]]
[2020.10.24-12.26.31:243][  0]LogConfig: Setting CVar [[r.DOF.Scatter.MaxSpriteRatio:0.1         ; only a maximum of 10% of scattered bokeh]]
[2020.10.24-12.26.31:243][  0]LogConfig: Setting CVar [[r.DOF.Recombine.Quality:1                ; cheap slight out of focus]]
[2020.10.24-12.26.31:243][  0]LogConfig: Setting CVar [[r.DOF.Recombine.EnableBokehSettings:0    ; no bokeh simulation on slight out of focus]]
[2020.10.24-12.26.31:243][  0]LogConfig: Setting CVar [[r.DOF.TemporalAAQuality:1                ; more stable temporal accumulation]]
[2020.10.24-12.26.31:243][  0]LogConfig: Setting CVar [[r.DOF.Kernel.MaxForegroundRadius:0.025]]
[2020.10.24-12.26.31:243][  0]LogConfig: Setting CVar [[r.DOF.Kernel.MaxBackgroundRadius:0.025]]
[2020.10.24-12.26.31:243][  0]LogConfig: Applying CVar settings from Section [TextureQuality@3] File [D:/Unreal Projects/Bulls_and_Cows__UnrealEngine/BullsAndCows/Saved/Config/Windows/Scalability.ini]
[2020.10.24-12.26.31:243][  0]LogConfig: Setting CVar [[r.Streaming.MipBias:0]]
[2020.10.24-12.26.31:243][  0]LogConfig: Setting CVar [[r.Streaming.AmortizeCPUToGPUCopy:0]]
[2020.10.24-12.26.31:243][  0]LogConfig: Setting CVar [[r.Streaming.MaxNumTexturesToStreamPerFrame:0]]
[2020.10.24-12.26.31:243][  0]LogConfig: Setting CVar [[r.Streaming.Boost:1]]
[2020.10.24-12.26.31:243][  0]LogConfig: Setting CVar [[r.MaxAnisotropy:8]]
[2020.10.24-12.26.31:243][  0]LogConfig: Setting CVar [[r.VT.MaxAnisotropy:8]]
[2020.10.24-12.26.31:243][  0]LogConfig: Setting CVar [[r.Streaming.LimitPoolSizeToVRAM:0]]
[2020.10.24-12.26.31:243][  0]LogConfig: Setting CVar [[r.Streaming.PoolSize:1000]]
[2020.10.24-12.26.31:243][  0]LogConfig: Setting CVar [[r.Streaming.MaxEffectiveScreenSize:0]]
[2020.10.24-12.26.31:243][  0]LogConfig: Applying CVar settings from Section [EffectsQuality@3] File [D:/Unreal Projects/Bulls_and_Cows__UnrealEngine/BullsAndCows/Saved/Config/Windows/Scalability.ini]
[2020.10.24-12.26.31:243][  0]LogConfig: Setting CVar [[r.TranslucencyLightingVolumeDim:64]]
[2020.10.24-12.26.31:243][  0]LogConfig: Setting CVar [[r.RefractionQuality:2]]
[2020.10.24-12.26.31:243][  0]LogConfig: Setting CVar [[r.SSR.Quality:3]]
[2020.10.24-12.26.31:243][  0]LogConfig: Setting CVar [[r.SSR.HalfResSceneColor:0]]
[2020.10.24-12.26.31:243][  0]LogConfig: Setting CVar [[r.SceneColorFormat:4]]
[2020.10.24-12.26.31:243][  0]LogConfig: Setting CVar [[r.DetailMode:2]]
[2020.10.24-12.26.31:243][  0]LogConfig: Setting CVar [[r.TranslucencyVolumeBlur:1]]
[2020.10.24-12.26.31:243][  0]LogConfig: Setting CVar [[r.MaterialQualityLevel:1 ; High quality]]
[2020.10.24-12.26.31:243][  0]LogConfig: Setting CVar [[r.SSS.Scale:1]]
[2020.10.24-12.26.31:243][  0]LogConfig: Setting CVar [[r.SSS.SampleSet:2]]
[2020.10.24-12.26.31:243][  0]LogConfig: Setting CVar [[r.SSS.Quality:1]]
[2020.10.24-12.26.31:243][  0]LogConfig: Setting CVar [[r.SSS.HalfRes:0]]
[2020.10.24-12.26.31:243][  0]LogConfig: Setting CVar [[r.SSGI.Quality:3]]
[2020.10.24-12.26.31:243][  0]LogConfig: Setting CVar [[r.EmitterSpawnRateScale:1.0]]
[2020.10.24-12.26.31:243][  0]LogConfig: Setting CVar [[r.ParticleLightQuality:2]]
[2020.10.24-12.26.31:243][  0]LogConfig: Setting CVar [[r.SkyAtmosphere.AerialPerspectiveLUT.FastApplyOnOpaque:1 ; Always have FastSkyLUT 1 in this case to avoid wrong sky]]
[2020.10.24-12.26.31:243][  0]LogConfig: Setting CVar [[r.SkyAtmosphere.AerialPerspectiveLUT.SampleCountPerSlice:1]]
[2020.10.24-12.26.31:243][  0]LogConfig: Setting CVar [[r.SkyAtmosphere.AerialPerspectiveLUT.DepthResolution:16.0]]
[2020.10.24-12.26.31:243][  0]LogConfig: Setting CVar [[r.SkyAtmosphere.FastSkyLUT:1]]
[2020.10.24-12.26.31:243][  0]LogConfig: Setting CVar [[r.SkyAtmosphere.FastSkyLUT.SampleCountMin:4.0]]
[2020.10.24-12.26.31:243][  0]LogConfig: Setting CVar [[r.SkyAtmosphere.FastSkyLUT.SampleCountMax:32.0]]
[2020.10.24-12.26.31:244][  0]LogConfig: Setting CVar [[r.SkyAtmosphere.SampleCountMin:4.0]]
[2020.10.24-12.26.31:244][  0]LogConfig: Setting CVar [[r.SkyAtmosphere.SampleCountMax:32.0]]
[2020.10.24-12.26.31:244][  0]LogConfig: Setting CVar [[r.SkyAtmosphere.TransmittanceLUT.UseSmallFormat:0]]
[2020.10.24-12.26.31:244][  0]LogConfig: Setting CVar [[r.SkyAtmosphere.TransmittanceLUT.SampleCount:10.0]]
[2020.10.24-12.26.31:244][  0]LogConfig: Setting CVar [[r.SkyAtmosphere.MultiScatteringLUT.SampleCount:15.0]]
[2020.10.24-12.26.31:244][  0]LogConfig: Applying CVar settings from Section [FoliageQuality@3] File [D:/Unreal Projects/Bulls_and_Cows__UnrealEngine/BullsAndCows/Saved/Config/Windows/Scalability.ini]
[2020.10.24-12.26.31:244][  0]LogConfig: Setting CVar [[foliage.DensityScale:1.0]]
[2020.10.24-12.26.31:244][  0]LogConfig: Setting CVar [[grass.DensityScale:1.0]]
[2020.10.24-12.26.31:244][  0]LogConfig: Applying CVar settings from Section [ShadingQuality@3] File [D:/Unreal Projects/Bulls_and_Cows__UnrealEngine/BullsAndCows/Saved/Config/Windows/Scalability.ini]
[2020.10.24-12.26.31:244][  0]LogConfig: Setting CVar [[r.HairStrands.SkyLighting.SampleCount:16]]
[2020.10.24-12.26.31:244][  0]LogConfig: Setting CVar [[r.HairStrands.SkyLighting.JitterIntegration:0]]
[2020.10.24-12.26.31:244][  0]LogConfig: Setting CVar [[r.HairStrands.SkyAO.SampleCount:16]]
[2020.10.24-12.26.31:244][  0]LogConfig: Setting CVar [[r.HairStrands.DeepShadow.SuperSampling:0]]
[2020.10.24-12.26.31:244][  0]LogConfig: Setting CVar [[r.HairStrands.VisibilityPPLL:0]]
[2020.10.24-12.26.31:244][  0]LogConfig: Setting CVar [[r.HairStrands.RasterizationScale:0.5]]
[2020.10.24-12.26.31:244][  0]LogConfig: Setting CVar [[r.HairStrands.VelocityRasterizationScale:1]]
[2020.10.24-12.26.31:244][  0]LogInit: Selected Device Profile: [Windows]
[2020.10.24-12.26.31:244][  0]LogInit: Applying CVar settings loaded from the selected device profile: [Windows]
[2020.10.24-12.26.31:244][  0]LogHAL: Display: Platform has ~ 16 GB [17127055360 / 17179869184 / 16], which maps to Larger [LargestMinGB=32, LargerMinGB=12, DefaultMinGB=8, SmallerMinGB=6, SmallestMinGB=0)
[2020.10.24-12.26.31:244][  0]LogInit: Going up to parent DeviceProfile []
[2020.10.24-12.26.31:244][  0]LogConfig: Applying CVar settings from Section [ViewDistanceQuality@3] File [D:/Unreal Projects/Bulls_and_Cows__UnrealEngine/BullsAndCows/Saved/Config/Windows/Scalability.ini]
[2020.10.24-12.26.31:244][  0]LogConfig: Setting CVar [[r.SkeletalMeshLODBias:0]]
[2020.10.24-12.26.31:244][  0]LogConfig: Setting CVar [[r.ViewDistanceScale:1.0]]
[2020.10.24-12.26.31:244][  0]LogConfig: Applying CVar settings from Section [AntiAliasingQuality@3] File [D:/Unreal Projects/Bulls_and_Cows__UnrealEngine/BullsAndCows/Saved/Config/Windows/Scalability.ini]
[2020.10.24-12.26.31:244][  0]LogConfig: Setting CVar [[r.PostProcessAAQuality:4]]
[2020.10.24-12.26.31:244][  0]LogConfig: Applying CVar settings from Section [ShadowQuality@3] File [D:/Unreal Projects/Bulls_and_Cows__UnrealEngine/BullsAndCows/Saved/Config/Windows/Scalability.ini]
[2020.10.24-12.26.31:244][  0]LogConfig: Setting CVar [[r.LightFunctionQuality:1]]
[2020.10.24-12.26.31:244][  0]LogConfig: Setting CVar [[r.ShadowQuality:5]]
[2020.10.24-12.26.31:244][  0]LogConfig: Setting CVar [[r.Shadow.CSM.MaxCascades:10]]
[2020.10.24-12.26.31:244][  0]LogConfig: Setting CVar [[r.Shadow.MaxResolution:2048]]
[2020.10.24-12.26.31:244][  0]LogConfig: Setting CVar [[r.Shadow.MaxCSMResolution:2048]]
[2020.10.24-12.26.31:244][  0]LogConfig: Setting CVar [[r.Shadow.RadiusThreshold:0.01]]
[2020.10.24-12.26.31:244][  0]LogConfig: Setting CVar [[r.Shadow.DistanceScale:1.0]]
[2020.10.24-12.26.31:244][  0]LogConfig: Setting CVar [[r.Shadow.CSM.TransitionScale:1.0]]
[2020.10.24-12.26.31:244][  0]LogConfig: Setting CVar [[r.Shadow.PreShadowResolutionFactor:1.0]]
[2020.10.24-12.26.31:244][  0]LogConfig: Setting CVar [[r.DistanceFieldShadowing:1]]
[2020.10.24-12.26.31:244][  0]LogConfig: Setting CVar [[r.DistanceFieldAO:1]]
[2020.10.24-12.26.31:244][  0]LogConfig: Setting CVar [[r.AOQuality:2]]
[2020.10.24-12.26.31:244][  0]LogConfig: Setting CVar [[r.VolumetricFog:1]]
[2020.10.24-12.26.31:244][  0]LogConfig: Setting CVar [[r.VolumetricFog.GridPixelSize:8]]
[2020.10.24-12.26.31:244][  0]LogConfig: Setting CVar [[r.VolumetricFog.GridSizeZ:128]]
[2020.10.24-12.26.31:244][  0]LogConfig: Setting CVar [[r.VolumetricFog.HistoryMissSupersampleCount:4]]
[2020.10.24-12.26.31:244][  0]LogConfig: Setting CVar [[r.LightMaxDrawDistanceScale:1]]
[2020.10.24-12.26.31:244][  0]LogConfig: Setting CVar [[r.CapsuleShadows:1]]
[2020.10.24-12.26.31:244][  0]LogConfig: Applying CVar settings from Section [PostProcessQuality@3] File [D:/Unreal Projects/Bulls_and_Cows__UnrealEngine/BullsAndCows/Saved/Config/Windows/Scalability.ini]
[2020.10.24-12.26.31:244][  0]LogConfig: Setting CVar [[r.MotionBlurQuality:4]]
[2020.10.24-12.26.31:244][  0]LogConfig: Setting CVar [[r.AmbientOcclusionMipLevelFactor:0.4]]
[2020.10.24-12.26.31:244][  0]LogConfig: Setting CVar [[r.AmbientOcclusionMaxQuality:100]]
[2020.10.24-12.26.31:244][  0]LogConfig: Setting CVar [[r.AmbientOcclusionLevels:-1]]
[2020.10.24-12.26.31:244][  0]LogConfig: Setting CVar [[r.AmbientOcclusionRadiusScale:1.0]]
[2020.10.24-12.26.31:244][  0]LogConfig: Setting CVar [[r.DepthOfFieldQuality:2]]
[2020.10.24-12.26.31:244][  0]LogConfig: Setting CVar [[r.RenderTargetPoolMin:400]]
[2020.10.24-12.26.31:244][  0]LogConfig: Setting CVar [[r.LensFlareQuality:2]]
[2020.10.24-12.26.31:244][  0]LogConfig: Setting CVar [[r.SceneColorFringeQuality:1]]
[2020.10.24-12.26.31:244][  0]LogConfig: Setting CVar [[r.EyeAdaptationQuality:2]]
[2020.10.24-12.26.31:244][  0]LogConfig: Setting CVar [[r.BloomQuality:5]]
[2020.10.24-12.26.31:244][  0]LogConfig: Setting CVar [[r.FastBlurThreshold:100]]
[2020.10.24-12.26.31:244][  0]LogConfig: Setting CVar [[r.Upscale.Quality:3]]
[2020.10.24-12.26.31:244][  0]LogConfig: Setting CVar [[r.Tonemapper.GrainQuantization:1]]
[2020.10.24-12.26.31:244][  0]LogConfig: Setting CVar [[r.LightShaftQuality:1]]
[2020.10.24-12.26.31:244][  0]LogConfig: Setting CVar [[r.Filter.SizeScale:1]]
[2020.10.24-12.26.31:244][  0]LogConfig: Setting CVar [[r.Tonemapper.Quality:5]]
[2020.10.24-12.26.31:244][  0]LogConfig: Setting CVar [[r.DOF.Gather.AccumulatorQuality:1        ; higher gathering accumulator quality]]
[2020.10.24-12.26.31:244][  0]LogConfig: Setting CVar [[r.DOF.Gather.PostfilterMethod:1          ; Median3x3 postfilering method]]
[2020.10.24-12.26.31:244][  0]LogConfig: Setting CVar [[r.DOF.Gather.EnableBokehSettings:0       ; no bokeh simulation when gathering]]
[2020.10.24-12.26.31:244][  0]LogConfig: Setting CVar [[r.DOF.Gather.RingCount:4                 ; medium number of samples when gathering]]
[2020.10.24-12.26.31:244][  0]LogConfig: Setting CVar [[r.DOF.Scatter.ForegroundCompositing:1    ; additive foreground scattering]]
[2020.10.24-12.26.31:244][  0]LogConfig: Setting CVar [[r.DOF.Scatter.BackgroundCompositing:2    ; additive background scattering]]
[2020.10.24-12.26.31:244][  0]LogConfig: Setting CVar [[r.DOF.Scatter.EnableBokehSettings:1      ; bokeh simulation when scattering]]
[2020.10.24-12.26.31:244][  0]LogConfig: Setting CVar [[r.DOF.Scatter.MaxSpriteRatio:0.1         ; only a maximum of 10% of scattered bokeh]]
[2020.10.24-12.26.31:244][  0]LogConfig: Setting CVar [[r.DOF.Recombine.Quality:1                ; cheap slight out of focus]]
[2020.10.24-12.26.31:244][  0]LogConfig: Setting CVar [[r.DOF.Recombine.EnableBokehSettings:0    ; no bokeh simulation on slight out of focus]]
[2020.10.24-12.26.31:245][  0]LogConfig: Setting CVar [[r.DOF.TemporalAAQuality:1                ; more stable temporal accumulation]]
[2020.10.24-12.26.31:245][  0]LogConfig: Setting CVar [[r.DOF.Kernel.MaxForegroundRadius:0.025]]
[2020.10.24-12.26.31:245][  0]LogConfig: Setting CVar [[r.DOF.Kernel.MaxBackgroundRadius:0.025]]
[2020.10.24-12.26.31:245][  0]LogConfig: Applying CVar settings from Section [TextureQuality@3] File [D:/Unreal Projects/Bulls_and_Cows__UnrealEngine/BullsAndCows/Saved/Config/Windows/Scalability.ini]
[2020.10.24-12.26.31:245][  0]LogConfig: Setting CVar [[r.Streaming.MipBias:0]]
[2020.10.24-12.26.31:245][  0]LogConfig: Setting CVar [[r.Streaming.AmortizeCPUToGPUCopy:0]]
[2020.10.24-12.26.31:245][  0]LogConfig: Setting CVar [[r.Streaming.MaxNumTexturesToStreamPerFrame:0]]
[2020.10.24-12.26.31:245][  0]LogConfig: Setting CVar [[r.Streaming.Boost:1]]
[2020.10.24-12.26.31:245][  0]LogConfig: Setting CVar [[r.MaxAnisotropy:8]]
[2020.10.24-12.26.31:245][  0]LogConfig: Setting CVar [[r.VT.MaxAnisotropy:8]]
[2020.10.24-12.26.31:245][  0]LogConfig: Setting CVar [[r.Streaming.LimitPoolSizeToVRAM:0]]
[2020.10.24-12.26.31:245][  0]LogConfig: Setting CVar [[r.Streaming.PoolSize:1000]]
[2020.10.24-12.26.31:245][  0]LogConfig: Setting CVar [[r.Streaming.MaxEffectiveScreenSize:0]]
[2020.10.24-12.26.31:245][  0]LogConfig: Applying CVar settings from Section [EffectsQuality@3] File [D:/Unreal Projects/Bulls_and_Cows__UnrealEngine/BullsAndCows/Saved/Config/Windows/Scalability.ini]
[2020.10.24-12.26.31:245][  0]LogConfig: Setting CVar [[r.TranslucencyLightingVolumeDim:64]]
[2020.10.24-12.26.31:245][  0]LogConfig: Setting CVar [[r.RefractionQuality:2]]
[2020.10.24-12.26.31:245][  0]LogConfig: Setting CVar [[r.SSR.Quality:3]]
[2020.10.24-12.26.31:245][  0]LogConfig: Setting CVar [[r.SSR.HalfResSceneColor:0]]
[2020.10.24-12.26.31:245][  0]LogConfig: Setting CVar [[r.SceneColorFormat:4]]
[2020.10.24-12.26.31:245][  0]LogConfig: Setting CVar [[r.DetailMode:2]]
[2020.10.24-12.26.31:245][  0]LogConfig: Setting CVar [[r.TranslucencyVolumeBlur:1]]
[2020.10.24-12.26.31:245][  0]LogConfig: Setting CVar [[r.MaterialQualityLevel:1 ; High quality]]
[2020.10.24-12.26.31:245][  0]LogConfig: Setting CVar [[r.SSS.Scale:1]]
[2020.10.24-12.26.31:245][  0]LogConfig: Setting CVar [[r.SSS.SampleSet:2]]
[2020.10.24-12.26.31:245][  0]LogConfig: Setting CVar [[r.SSS.Quality:1]]
[2020.10.24-12.26.31:245][  0]LogConfig: Setting CVar [[r.SSS.HalfRes:0]]
[2020.10.24-12.26.31:245][  0]LogConfig: Setting CVar [[r.SSGI.Quality:3]]
[2020.10.24-12.26.31:245][  0]LogConfig: Setting CVar [[r.EmitterSpawnRateScale:1.0]]
[2020.10.24-12.26.31:245][  0]LogConfig: Setting CVar [[r.ParticleLightQuality:2]]
[2020.10.24-12.26.31:245][  0]LogConfig: Setting CVar [[r.SkyAtmosphere.AerialPerspectiveLUT.FastApplyOnOpaque:1 ; Always have FastSkyLUT 1 in this case to avoid wrong sky]]
[2020.10.24-12.26.31:245][  0]LogConfig: Setting CVar [[r.SkyAtmosphere.AerialPerspectiveLUT.SampleCountPerSlice:1]]
[2020.10.24-12.26.31:245][  0]LogConfig: Setting CVar [[r.SkyAtmosphere.AerialPerspectiveLUT.DepthResolution:16.0]]
[2020.10.24-12.26.31:245][  0]LogConfig: Setting CVar [[r.SkyAtmosphere.FastSkyLUT:1]]
[2020.10.24-12.26.31:245][  0]LogConfig: Setting CVar [[r.SkyAtmosphere.FastSkyLUT.SampleCountMin:4.0]]
[2020.10.24-12.26.31:245][  0]LogConfig: Setting CVar [[r.SkyAtmosphere.FastSkyLUT.SampleCountMax:32.0]]
[2020.10.24-12.26.31:245][  0]LogConfig: Setting CVar [[r.SkyAtmosphere.SampleCountMin:4.0]]
[2020.10.24-12.26.31:245][  0]LogConfig: Setting CVar [[r.SkyAtmosphere.SampleCountMax:32.0]]
[2020.10.24-12.26.31:245][  0]LogConfig: Setting CVar [[r.SkyAtmosphere.TransmittanceLUT.UseSmallFormat:0]]
[2020.10.24-12.26.31:245][  0]LogConfig: Setting CVar [[r.SkyAtmosphere.TransmittanceLUT.SampleCount:10.0]]
[2020.10.24-12.26.31:245][  0]LogConfig: Setting CVar [[r.SkyAtmosphere.MultiScatteringLUT.SampleCount:15.0]]
[2020.10.24-12.26.31:245][  0]LogConfig: Applying CVar settings from Section [FoliageQuality@3] File [D:/Unreal Projects/Bulls_and_Cows__UnrealEngine/BullsAndCows/Saved/Config/Windows/Scalability.ini]
[2020.10.24-12.26.31:245][  0]LogConfig: Setting CVar [[foliage.DensityScale:1.0]]
[2020.10.24-12.26.31:245][  0]LogConfig: Setting CVar [[grass.DensityScale:1.0]]
[2020.10.24-12.26.31:245][  0]LogConfig: Applying CVar settings from Section [ShadingQuality@3] File [D:/Unreal Projects/Bulls_and_Cows__UnrealEngine/BullsAndCows/Saved/Config/Windows/Scalability.ini]
[2020.10.24-12.26.31:245][  0]LogConfig: Setting CVar [[r.HairStrands.SkyLighting.SampleCount:16]]
[2020.10.24-12.26.31:245][  0]LogConfig: Setting CVar [[r.HairStrands.SkyLighting.JitterIntegration:0]]
[2020.10.24-12.26.31:245][  0]LogConfig: Setting CVar [[r.HairStrands.SkyAO.SampleCount:16]]
[2020.10.24-12.26.31:245][  0]LogConfig: Setting CVar [[r.HairStrands.DeepShadow.SuperSampling:0]]
[2020.10.24-12.26.31:245][  0]LogConfig: Setting CVar [[r.HairStrands.VisibilityPPLL:0]]
[2020.10.24-12.26.31:245][  0]LogConfig: Setting CVar [[r.HairStrands.RasterizationScale:0.5]]
[2020.10.24-12.26.31:245][  0]LogConfig: Setting CVar [[r.HairStrands.VelocityRasterizationScale:1]]
[2020.10.24-12.26.31:245][  0]LogConfig: Applying CVar settings from Section [Startup] File [../../../Engine/Config/ConsoleVariables.ini]
[2020.10.24-12.26.31:245][  0]LogConfig: Setting CVar [[net.UseAdaptiveNetUpdateFrequency:0]]
[2020.10.24-12.26.31:245][  0]LogConfig: Setting CVar [[p.chaos.AllowCreatePhysxBodies:1]]
[2020.10.24-12.26.31:245][  0]LogConfig: Setting CVar [[fx.SkipVectorVMBackendOptimizations:1]]
[2020.10.24-12.26.31:245][  0]LogConfig: Applying CVar settings from Section [ConsoleVariables] File [D:/Unreal Projects/Bulls_and_Cows__UnrealEngine/BullsAndCows/Saved/Config/Windows/Engine.ini]
[2020.10.24-12.26.31:245][  0]LogInit: Computer: DESKTOP-EACV0HS
[2020.10.24-12.26.31:245][  0]LogInit: User: NX210
[2020.10.24-12.26.31:245][  0]LogInit: CPU Page size=4096, Cores=6
[2020.10.24-12.26.31:246][  0]LogInit: High frequency timer resolution =10.000000 MHz
[2020.10.24-12.26.31:246][  0]LogMemory: Memory total: Physical=16.0GB (16GB approx)
[2020.10.24-12.26.31:246][  0]LogMemory: Platform Memory Stats for Windows
[2020.10.24-12.26.31:246][  0]LogMemory: Process Physical Memory: 116.61 MB used, 116.61 MB peak
[2020.10.24-12.26.31:246][  0]LogMemory: Process Virtual Memory: 96.90 MB used, 96.90 MB peak
[2020.10.24-12.26.31:246][  0]LogMemory: Physical Memory: 5088.20 MB used,  11245.43 MB free, 16333.63 MB total
[2020.10.24-12.26.31:246][  0]LogMemory: Virtual Memory: 5166.61 MB used,  134212560.00 MB free, 134217728.00 MB total
[2020.10.24-12.26.31:250][  0]LogWindows: WindowsPlatformFeatures enabled
[2020.10.24-12.26.31:293][  0]LogInit: Physics initialised using underlying interface: PhysX
[2020.10.24-12.26.31:294][  0]LogInit: Using OS detected language (en-US).
[2020.10.24-12.26.31:294][  0]LogInit: Using OS detected locale (en-IN).
[2020.10.24-12.26.31:295][  0]LogTextLocalizationManager: No specific localization for 'en-US' exists, so the 'en' localization will be used.
[2020.10.24-12.26.31:462][  0]LogInit: Setting process to per monitor DPI aware
[2020.10.24-12.26.31:494][  0]LogSlate: New Slate User Created.  User Index 0, Is Virtual User: 0
[2020.10.24-12.26.31:494][  0]LogSlate: Slate User Registered.  User Index 0, Is Virtual User: 0
[2020.10.24-12.26.31:630][  0]LogHMD: Failed to initialize OpenVR with code 110
[2020.10.24-12.26.31:630][  0]LogD3D11RHI: D3D11 min allowed feature level: 11_0
[2020.10.24-12.26.31:630][  0]LogD3D11RHI: D3D11 max allowed feature level: 11_0
[2020.10.24-12.26.31:630][  0]LogD3D11RHI: D3D11 adapters:
[2020.10.24-12.26.31:739][  0]LogD3D11RHI:    0. 'NVIDIA GeForce RTX 2060' (Feature Level 11_0)
[2020.10.24-12.26.31:739][  0]LogD3D11RHI:       5980/0/8166 MB DedicatedVideo/DedicatedSystem/SharedSystem, Outputs:1, VendorId:0x10de
[2020.10.24-12.26.31:741][  0]LogD3D11RHI:    1. 'Microsoft Basic Render Driver' (Feature Level 11_0)
[2020.10.24-12.26.31:741][  0]LogD3D11RHI:       0/0/8166 MB DedicatedVideo/DedicatedSystem/SharedSystem, Outputs:0, VendorId:0x1414
[2020.10.24-12.26.31:741][  0]LogD3D11RHI: Chosen D3D11 Adapter: 0
[2020.10.24-12.26.31:747][  0]LogD3D11RHI: Creating new Direct3DDevice
[2020.10.24-12.26.31:747][  0]LogD3D11RHI:     GPU DeviceId: 0x1f08 (for the marketing name, search the web for "GPU Device Id")
[2020.10.24-12.26.31:747][  0]LogWindows: EnumDisplayDevices:
[2020.10.24-12.26.31:747][  0]LogWindows:    0. 'NVIDIA GeForce RTX 2060' (P:1 D:1)
[2020.10.24-12.26.31:747][  0]LogWindows:    1. 'NVIDIA GeForce RTX 2060' (P:0 D:0)
[2020.10.24-12.26.31:748][  0]LogWindows:    2. 'NVIDIA GeForce RTX 2060' (P:0 D:0)
[2020.10.24-12.26.31:748][  0]LogWindows:    3. 'NVIDIA GeForce RTX 2060' (P:0 D:0)
[2020.10.24-12.26.31:748][  0]LogWindows: DebugString: FoundDriverCount:4 
[2020.10.24-12.26.31:748][  0]LogD3D11RHI:     Adapter Name: NVIDIA GeForce RTX 2060
[2020.10.24-12.26.31:748][  0]LogD3D11RHI:   Driver Version: 456.71 (internal:27.21.14.5671, unified:456.71)
[2020.10.24-12.26.31:748][  0]LogD3D11RHI:      Driver Date: 9-30-2020
[2020.10.24-12.26.31:748][  0]LogRHI: Texture pool is 4186 MB (70% of 5980 MB)
[2020.10.24-12.26.31:826][  0]LogD3D11RHI: RHI has support for 64 bit atomics
[2020.10.24-12.26.31:828][  0]LogD3D11RHI: [Aftermath] Enabled and primed
[2020.10.24-12.26.31:828][  0]LogD3D11RHI: Async texture creation enabled
[2020.10.24-12.26.31:828][  0]LogD3D11RHI: Array index from any shader is supported
[2020.10.24-12.26.31:829][  0]LogD3D11RHI: HDR output is supported on display 0 (NvId: 0x80061087).
[2020.10.24-12.26.31:863][  0]LogD3D11RHI: GPU Timing Frequency: 1000.000000 (Debug: 2 1)
[2020.10.24-12.26.32:114][  0]LogTargetPlatformManager: Display: Loaded TargetPlatform 'AllDesktop'
[2020.10.24-12.26.32:137][  0]LogTargetPlatformManager: Display: Loaded TargetPlatform 'Android'
[2020.10.24-12.26.32:137][  0]LogTargetPlatformManager: Display: Loaded TargetPlatform 'Android_ASTC'
[2020.10.24-12.26.32:137][  0]LogTargetPlatformManager: Display: Loaded TargetPlatform 'Android_DXT'
[2020.10.24-12.26.32:137][  0]LogTargetPlatformManager: Display: Loaded TargetPlatform 'Android_ETC2'
[2020.10.24-12.26.32:137][  0]LogTargetPlatformManager: Display: Loaded TargetPlatform 'AndroidClient'
[2020.10.24-12.26.32:137][  0]LogTargetPlatformManager: Display: Loaded TargetPlatform 'Android_ASTCClient'
[2020.10.24-12.26.32:137][  0]LogTargetPlatformManager: Display: Loaded TargetPlatform 'Android_DXTClient'
[2020.10.24-12.26.32:137][  0]LogTargetPlatformManager: Display: Loaded TargetPlatform 'Android_ETC2Client'
[2020.10.24-12.26.32:137][  0]LogTargetPlatformManager: Display: Loaded TargetPlatform 'Android_Multi'
[2020.10.24-12.26.32:137][  0]LogTargetPlatformManager: Display: Loaded TargetPlatform 'Android_MultiClient'
[2020.10.24-12.26.32:161][  0]LogTargetPlatformManager: Display: Loaded TargetPlatform 'IOSClient'
[2020.10.24-12.26.32:161][  0]LogTargetPlatformManager: Display: Loaded TargetPlatform 'IOS'
[2020.10.24-12.26.32:172][  0]LogTargetPlatformManager: Display: Loaded TargetPlatform 'Linux'
[2020.10.24-12.26.32:182][  0]LogTargetPlatformManager: Display: Loaded TargetPlatform 'LinuxNoEditor'
[2020.10.24-12.26.32:192][  0]LogTargetPlatformManager: Display: Loaded TargetPlatform 'LinuxClient'
[2020.10.24-12.26.32:202][  0]LogTargetPlatformManager: Display: Loaded TargetPlatform 'LinuxServer'
[2020.10.24-12.26.32:212][  0]LogTargetPlatformManager: Display: Loaded TargetPlatform 'LinuxAArch64NoEditor'
[2020.10.24-12.26.32:222][  0]LogTargetPlatformManager: Display: Loaded TargetPlatform 'LinuxAArch64Client'
[2020.10.24-12.26.32:232][  0]LogTargetPlatformManager: Display: Loaded TargetPlatform 'LinuxAArch64Server'
[2020.10.24-12.26.32:260][  0]LogTargetPlatformManager: Display: Loaded TargetPlatform 'Lumin'
[2020.10.24-12.26.32:260][  0]LogTargetPlatformManager: Display: Loaded TargetPlatform 'LuminClient'
[2020.10.24-12.26.32:276][  0]LogTargetPlatformManager: Display: Loaded TargetPlatform 'TVOSClient'
[2020.10.24-12.26.32:276][  0]LogTargetPlatformManager: Display: Loaded TargetPlatform 'TVOS'
[2020.10.24-12.26.32:287][  0]LogTargetPlatformManager: Display: Loaded TargetPlatform 'WindowsNoEditor'
[2020.10.24-12.26.32:297][  0]LogTargetPlatformManager: Display: Loaded TargetPlatform 'Windows'
[2020.10.24-12.26.32:307][  0]LogTargetPlatformManager: Display: Loaded TargetPlatform 'WindowsClient'
[2020.10.24-12.26.32:316][  0]LogTargetPlatformManager: Display: Loaded TargetPlatform 'WindowsServer'
[2020.10.24-12.26.32:316][  0]LogTargetPlatformManager: Display: Building Assets For Windows
[2020.10.24-12.26.32:324][  0]LogAudioDebug: Display: Lib vorbis DLL was dynamically loaded.
[2020.10.24-12.26.32:387][  0]LogShaderCompilers: Guid format shader working directory is -25 characters bigger than the processId version (../../../../../Unreal Projects/Bulls_and_Cows__UnrealEngine/BullsAndCows/Intermediate/Shaders/WorkingDirectory/4232/).
[2020.10.24-12.26.32:387][  0]LogShaderCompilers: Cleaned the shader compiler working directory 'C:/Users/NX-210/AppData/Local/Temp/UnrealShaderWorkingDir/DAE6BDE8480D68034B1574B5E719C9EC/'.
[2020.10.24-12.26.32:388][  0]LogXGEController: Cannot use XGE Controller as Incredibuild is not installed on this machine.
[2020.10.24-12.26.32:388][  0]LogShaderCompilers: Cannot use XGE Shader Compiler as Incredibuild is not installed on this machine.
[2020.10.24-12.26.32:388][  0]LogShaderCompilers: Display: Using Local Shader Compiler.
[2020.10.24-12.26.33:199][  0]LogDerivedDataCache: Display: Max Cache Size: 512 MB
[2020.10.24-12.26.33:246][  0]LogDerivedDataCache: Loaded boot cache 0.05s 75MB C:/Users/NX-210/AppData/Local/UnrealEngine/4.25/DerivedDataCache/Boot.ddc.
[2020.10.24-12.26.33:247][  0]LogDerivedDataCache: Display: Loaded Boot cache: C:/Users/NX-210/AppData/Local/UnrealEngine/4.25/DerivedDataCache/Boot.ddc
[2020.10.24-12.26.33:247][  0]LogDerivedDataCache: FDerivedDataBackendGraph:  Pak pak cache file ../../../../../Unreal Projects/Bulls_and_Cows__UnrealEngine/BullsAndCows/DerivedDataCache/DDC.ddp not found, will not use a pak cache.
[2020.10.24-12.26.33:247][  0]LogDerivedDataCache: Unable to find inner node Pak for hierarchical cache Hierarchy.
[2020.10.24-12.26.33:247][  0]LogDerivedDataCache: FDerivedDataBackendGraph:  CompressedPak pak cache file ../../../../../Unreal Projects/Bulls_and_Cows__UnrealEngine/BullsAndCows/DerivedDataCache/Compressed.ddp not found, will not use a pak cache.
[2020.10.24-12.26.33:247][  0]LogDerivedDataCache: Unable to find inner node CompressedPak for hierarchical cache Hierarchy.
[2020.10.24-12.26.33:258][  0]LogDerivedDataCache: Display: Pak cache opened for reading ../../../Engine/DerivedDataCache/Compressed.ddp.
[2020.10.24-12.26.33:258][  0]LogDerivedDataCache: FDerivedDataBackendGraph:  EnterprisePak pak cache file ../../../Enterprise/DerivedDataCache/Compressed.ddp not found, will not use a pak cache.
[2020.10.24-12.26.33:258][  0]LogDerivedDataCache: Unable to find inner node EnterprisePak for hierarchical cache Hierarchy.
[2020.10.24-12.26.33:259][  0]LogDerivedDataCache: Using Local data cache path C:/Users/NX-210/AppData/Local/UnrealEngine/Common/DerivedDataCache: Writable
[2020.10.24-12.26.33:259][  0]LogDerivedDataCache: Shared data cache path not found in *engine.ini, will not use an Shared cache.
[2020.10.24-12.26.33:259][  0]LogDerivedDataCache: Unable to find inner node Shared for hierarchical cache Hierarchy.
[2020.10.24-12.26.33:312][  0]LogSlate: Using FreeType 2.10.0
[2020.10.24-12.26.33:313][  0]LogSlate: SlateFontServices - WITH_FREETYPE: 1, WITH_HARFBUZZ: 1
[2020.10.24-12.26.33:336][  0]LogAssetRegistry: FAssetRegistry took 0.0027 seconds to start up
[2020.10.24-12.26.33:577][  0]LogInit: Selected Device Profile: [Windows]
[2020.10.24-12.26.33:683][  0]LogMeshReduction: Using QuadricMeshReduction for automatic static mesh reduction
[2020.10.24-12.26.33:683][  0]LogMeshReduction: Using SimplygonMeshReduction for automatic skeletal mesh reduction
[2020.10.24-12.26.33:683][  0]LogMeshReduction: Using ProxyLODMeshReduction for automatic mesh merging
[2020.10.24-12.26.33:683][  0]LogMeshReduction: No distributed automatic mesh merging module available
[2020.10.24-12.26.33:683][  0]LogMeshMerging: No distributed automatic mesh merging module available
[2020.10.24-12.26.33:700][  0]LogNetVersion: BullCowGame 1.0.0, NetCL: 13144385, EngineNetVer: 14, GameNetVer: 0 (Checksum: 3293675825)
[2020.10.24-12.26.34:099][  0]LogAISub: UAISubsystem::UAISubsystem AISubsystem (000001C415411400), frame # 0
[2020.10.24-12.26.34:099][  0]LogAISub: UAISubsystem::UAISubsystem AIPerceptionSystem (000001C41535AAC0), frame # 0
[2020.10.24-12.26.34:100][  0]LogAISub: UAISubsystem::UAISubsystem EnvQueryManager (000001C41539DE00), frame # 0
[2020.10.24-12.26.34:138][  0]LogPackageLocalizationCache: Processed 19 localized package path(s) for 1 prioritized culture(s) in 0.031658 seconds
[2020.10.24-12.26.34:143][  0]LogUObjectArray: 15917 objects as part of root set at end of initial load.
[2020.10.24-12.26.34:143][  0]LogUObjectAllocator: 3965568 out of 0 bytes used by permanent object pool.
[2020.10.24-12.26.34:143][  0]LogUObjectArray: CloseDisregardForGC: 0/0 objects in disregard for GC pool
[2020.10.24-12.26.34:463][  0]LogTcpMessaging: Initializing TcpMessaging bridge
[2020.10.24-12.26.34:467][  0]LogUdpMessaging: Initializing bridge on interface 0.0.0.0:0 to multicast group 230.0.0.1:6666.
[2020.10.24-12.26.34:544][  0]SourceControl: Source control is disabled
[2020.10.24-12.26.34:545][  0]SourceControl: Source control is disabled
[2020.10.24-12.26.34:547][  0]SourceControl: Source control is disabled
[2020.10.24-12.26.34:551][  0]SourceControl: Source control is disabled
[2020.10.24-12.26.34:557][  0]SourceControl: Source control is disabled
[2020.10.24-12.26.34:785][  0]LogAndroidPermission: UAndroidPermissionCallbackProxy::GetInstance
[2020.10.24-12.26.34:805][  0]LogAudioCaptureCore: Display: No Audio Capture implementations found. Audio input will be silent.
[2020.10.24-12.26.34:805][  0]LogAudioCaptureCore: Display: No Audio Capture implementations found. Audio input will be silent.
[2020.10.24-12.26.34:852][  0]LogOcInput: OculusInput pre-init called
[2020.10.24-12.26.34:863][  0]LogWindows: Failed to load 'OVRPlugin.dll' (GetLastError=126)
[2020.10.24-12.26.34:863][  0]LogWindows: File 'OVRPlugin.dll' does not exist
[2020.10.24-12.26.34:926][  0]LogEngine: Initializing Engine...
[2020.10.24-12.26.34:928][  0]LogHMD: Failed to initialize OpenVR with code 110
[2020.10.24-12.26.34:928][  0]LogMagicLeap: Warning: VR disabled because ZI is not enabled.  To enable, in the editor, Edit -> Project Settings -> Plugins -> Magic Leap Plugin -> Enable Zero Iteration
[2020.10.24-12.26.34:929][  0]LogStats: UGameplayTagsManager::InitializeManager -  0.000 s
[2020.10.24-12.26.35:030][  0]LogInit: Initializing FReadOnlyCVARCache
[2020.10.24-12.26.35:037][  0]LogAIModule: Creating AISystem for world Untitled
[2020.10.24-12.26.35:038][  0]LogAISub: UAISubsystem::UAISubsystem EnvQueryManager (000001C417F1C600), frame # 0
[2020.10.24-12.26.35:038][  0]LogAISub: UAISubsystem::UAISubsystem AIPerceptionSystem (000001C417F34B80), frame # 0
[2020.10.24-12.26.35:049][  0]LogAudioMixer: Display: Audio Mixer Platform Settings:
[2020.10.24-12.26.35:049][  0]LogAudioMixer: Display: 	Sample Rate:						  48000
[2020.10.24-12.26.35:049][  0]LogAudioMixer: Display: 	Callback Buffer Frame Size Requested: 1024
[2020.10.24-12.26.35:050][  0]LogAudioMixer: Display: 	Callback Buffer Frame Size To Use:	  1024
[2020.10.24-12.26.35:050][  0]LogAudioMixer: Display: 	Number of buffers to queue:			  2
[2020.10.24-12.26.35:050][  0]LogAudioMixer: Display: 	Max Channels (voices):				  32
[2020.10.24-12.26.35:050][  0]LogAudioMixer: Display: 	Number of Async Source Workers:		  0
[2020.10.24-12.26.35:050][  0]LogAudio: Display: AudioDevice MaxSources: 32
[2020.10.24-12.26.35:050][  0]LogAudio: Display: Using built-in audio occlusion.
[2020.10.24-12.26.35:050][  0]LogAudioMixer: Display: Initializing audio mixer.
[2020.10.24-12.26.35:058][  0]LogAudioMixer: Display: 0: FrontLeft
[2020.10.24-12.26.35:058][  0]LogAudioMixer: Display: 1: FrontRight
[2020.10.24-12.26.35:094][  0]LogAudioMixer: Display: Using Audio Device Speakers (High Definition Audio Device)
[2020.10.24-12.26.35:096][  0]LogAudioMixer: Display: Initializing Sound Submixes...
[2020.10.24-12.26.35:098][  0]LogAudioMixer: Display: Creating Master Submix 'MasterSubmixDefault'
[2020.10.24-12.26.35:098][  0]LogAudioMixer: Display: Creating Master Submix 'MasterReverbSubmixDefault'
[2020.10.24-12.26.35:098][  0]LogAudioMixer: Display: Creating Master Submix 'MasterEQSubmixDefault'
[2020.10.24-12.26.35:099][  0]LogInit: FAudioDevice initialized.
[2020.10.24-12.26.35:099][  0]LogNetVersion: Set ProjectVersion to 1.0.0.0. Version Checksum will be recalculated on next use.
[2020.10.24-12.26.35:185][  0]LogDerivedDataCache: Saved boot cache 0.09s 75MB C:/Users/NX-210/AppData/Local/UnrealEngine/4.25/DerivedDataCache/Boot.ddc.
[2020.10.24-12.26.35:189][  0]LogInit: Texture streaming: Enabled
[2020.10.24-12.26.35:205][  0]LogEngineSessionManager: EngineSessionManager initialized
[2020.10.24-12.26.35:205][  0]LogEditorSessionSummary: Verbose: Initializing EditorSessionSummaryWriter for editor session tracking
[2020.10.24-12.26.35:206][  0]LogEditorSessionSummary: EditorSessionSummaryWriter initialized
[2020.10.24-12.26.35:257][  0]LogInit: Transaction tracking system initialized
[2020.10.24-12.26.35:277][  0]BlueprintLog: New page: Editor Load
[2020.10.24-12.26.35:342][  0]LocalizationService: Localization service is disabled
[2020.10.24-12.26.35:481][  0]LogCook: Display: Max memory allowance for cook 16384mb min free memory 0mb
[2020.10.24-12.26.35:481][  0]LogCook: Display: Mobile HDR setting 1
[2020.10.24-12.26.35:609][  0]LogFileCache: Scanning file cache for directory 'D:/Unreal Projects/Bulls_and_Cows__UnrealEngine/BullsAndCows/Content/' took 0.00s
[2020.10.24-12.26.35:786][  0]SourceControl: Source control is disabled
[2020.10.24-12.26.35:786][  0]LogUnrealEdMisc: Loading editor; pre map load, took 5.759
[2020.10.24-12.26.35:786][  0]Cmd: MAP LOAD FILE="../../../../../Unreal Projects/Bulls_and_Cows__UnrealEngine/BullsAndCows/Content/Levels/Level1.umap" TEMPLATE=0 SHOWPROGRESS=1 FEATURELEVEL=3
[2020.10.24-12.26.35:787][  0]LightingResults: New page: Lighting Build
[2020.10.24-12.26.35:787][  0]LogWorld: UWorld::CleanupWorld for Untitled, bSessionEnded=true, bCleanupResources=true
[2020.10.24-12.26.35:787][  0]LogSlate: InvalidateAllWidgets triggered.  All widgets were invalidated
[2020.10.24-12.26.35:787][  0]MapCheck: New page: Map Check
[2020.10.24-12.26.35:787][  0]LightingResults: New page: Lighting Build
[2020.10.24-12.26.35:800][  0]LogAISub: UAISubsystem::~UAISubsystem EnvQueryManager (000001C417F1C600), frame # 0
[2020.10.24-12.26.35:800][  0]LogAISub: UAISubsystem::~UAISubsystem AIPerceptionSystem (000001C417F34B80), frame # 0
[2020.10.24-12.26.35:801][  0]LogUObjectHash: Compacting FUObjectHashTables data took   0.70ms
[2020.10.24-12.26.36:013][  0]LogAIModule: Creating AISystem for world Level1
[2020.10.24-12.26.36:013][  0]LogAISub: UAISubsystem::UAISubsystem EnvQueryManager (000001C407469E00), frame # 0
[2020.10.24-12.26.36:013][  0]LogAISub: UAISubsystem::UAISubsystem AIPerceptionSystem (000001C4074A9BC0), frame # 0
[2020.10.24-12.26.36:029][  0]LogEditorServer: Finished looking for orphan Actors (0.000 secs)
[2020.10.24-12.26.36:048][  0]LogUObjectHash: Compacting FUObjectHashTables data took   0.97ms
[2020.10.24-12.26.36:049][  0]Cmd: MAP CHECKDEP NOCLEARLOG
[2020.10.24-12.26.36:049][  0]MapCheck: Map check complete: 0 Error(s), 0 Warning(s), took 0.138ms to complete.
[2020.10.24-12.26.36:049][  0]LogFileHelpers: Loading map 'Level1' took 0.262
[2020.10.24-12.26.36:051][  0]LogUnrealEdMisc: Total Editor Startup Time, took 6.024
[2020.10.24-12.26.36:170][  0]LogSlate: Updating window title bar state: overlay mode, drag disabled, window buttons hidden, title bar hidden
[2020.10.24-12.26.36:178][  0]LogSlate: Updating window title bar state: overlay mode, drag disabled, window buttons hidden, title bar hidden
[2020.10.24-12.26.36:186][  0]LogSlate: Updating window title bar state: overlay mode, drag disabled, window buttons hidden, title bar hidden
[2020.10.24-12.26.36:193][  0]LogSlate: Updating window title bar state: overlay mode, drag disabled, window buttons hidden, title bar hidden
[2020.10.24-12.26.36:198][  0]LogCollectionManager: Loaded 0 collections in 0.000802 seconds
[2020.10.24-12.26.36:214][  0]LogFileCache: Scanning file cache for directory 'D:/Unreal Projects/Bulls_and_Cows__UnrealEngine/BullsAndCows/Saved/Collections/' took 0.00s
[2020.10.24-12.26.36:214][  0]LogFileCache: Scanning file cache for directory 'D:/Unreal Projects/Bulls_and_Cows__UnrealEngine/BullsAndCows/Content/Developers/NX210/Collections/' took 0.00s
[2020.10.24-12.26.36:214][  0]LogFileCache: Scanning file cache for directory 'D:/Unreal Projects/Bulls_and_Cows__UnrealEngine/BullsAndCows/Content/Collections/' took 0.00s
[2020.10.24-12.26.36:214][  0]LogContentBrowser: Native class hierarchy populated in 0.0108 seconds. Added 3431 classes and 824 folders.
[2020.10.24-12.26.36:217][  0]LogContentBrowser: Native class hierarchy updated for 'WidgetCarousel' in 0.0003 seconds. Added 0 classes and 0 folders.
[2020.10.24-12.26.36:265][  0]LogContentBrowser: Native class hierarchy updated for 'AddContentDialog' in 0.0004 seconds. Added 0 classes and 0 folders.
[2020.10.24-12.26.36:266][  0]LogContentBrowser: Native class hierarchy updated for 'SceneOutliner' in 0.0003 seconds. Added 2 classes and 0 folders.
[2020.10.24-12.26.36:300][  0]LogSlate: Took 0.000170 seconds to synchronously load lazily loaded font '../../../Engine/Content/Slate/Fonts/Roboto-Regular.ttf' (155K)
[2020.10.24-12.26.36:302][  0]LogSlate: Took 0.000100 seconds to synchronously load lazily loaded font '../../../Engine/Content/Slate/Fonts/Roboto-Bold.ttf' (160K)
[2020.10.24-12.26.36:307][  0]LogSlate: Took 0.000158 seconds to synchronously load lazily loaded font '../../../Engine/Content/Editor/Slate/Fonts/FontAwesome.ttf' (139K)
[2020.10.24-12.26.36:371][  0]LogRenderer: Reallocating scene render targets to support 1208x572 Format 10 NumSamples 1 (Frame:1).
[2020.10.24-12.26.36:420][  0]LogSlate: Took 0.000190 seconds to synchronously load lazily loaded font '../../../Engine/Content/Slate/Fonts/Roboto-Light.ttf' (167K)
[2020.10.24-12.26.36:487][  0]LogContentBrowser: Native class hierarchy updated for 'HierarchicalLODOutliner' in 0.0004 seconds. Added 0 classes and 0 folders.
[2020.10.24-12.26.36:487][  0]LogLoad: (Engine Initialization) Total time: 6.46 seconds
[2020.10.24-12.26.36:487][  0]LogLoad: (Engine Initialization) Total Blueprint compile time: 0.00 seconds
[2020.10.24-12.26.36:524][  0]LogAssetRegistry: Asset discovery search completed in 3.1883 seconds
[2020.10.24-12.26.36:527][  0]LogCollectionManager: Fixed up redirectors for 0 collections in 0.000002 seconds (updated 0 objects)
[2020.10.24-12.26.36:532][  0]LogContentStreaming: Texture pool size now 1000 MB
[2020.10.24-12.26.50:032][347]LogTemp: Repeating last play command: Selected Viewport
[2020.10.24-12.26.50:054][347]LogPlayLevel: PlayLevel: No blueprints needed recompiling
[2020.10.24-12.26.50:055][347]PIE: New page: PIE session: Level1 (24-Oct-2020, 11:26:50 pm)
[2020.10.24-12.26.50:067][347]LogOnline: OSS: Creating online subsystem instance for: NULL
[2020.10.24-12.26.50:075][347]LogOnline: OSS: TryLoadSubsystemAndSetDefault: Loaded subsystem for module [NULL]
[2020.10.24-12.26.50:085][347]LogPlayLevel: Creating play world package: /Game/Levels/UEDPIE_0_Level1
[2020.10.24-12.26.50:132][347]LogPlayLevel: PIE: StaticDuplicateObject took: (0.047727s)
[2020.10.24-12.26.50:134][347]LogAIModule: Creating AISystem for world Level1
[2020.10.24-12.26.50:134][347]LogAISub: UAISubsystem::UAISubsystem EnvQueryManager (000001C4305A7E00), frame # 347
[2020.10.24-12.26.50:134][347]LogAISub: UAISubsystem::UAISubsystem AIPerceptionSystem (000001C407A74E00), frame # 347
[2020.10.24-12.26.50:134][347]LogPlayLevel: PIE: World Init took: (0.001286s)
[2020.10.24-12.26.50:134][347]LogPlayLevel: PIE: Created PIE world by copying editor world from /Game/Levels/Level1.Level1 to /Game/Levels/UEDPIE_0_Level1.Level1 (0.049483s)
[2020.10.24-12.26.50:150][347]LogUObjectHash: Compacting FUObjectHashTables data took   0.65ms
[2020.10.24-12.26.50:152][347]LogAudioMixer: Display: Audio Mixer Platform Settings:
[2020.10.24-12.26.50:152][347]LogAudioMixer: Display: 	Sample Rate:						  48000
[2020.10.24-12.26.50:152][347]LogAudioMixer: Display: 	Callback Buffer Frame Size Requested: 1024
[2020.10.24-12.26.50:152][347]LogAudioMixer: Display: 	Callback Buffer Frame Size To Use:	  1024
[2020.10.24-12.26.50:152][347]LogAudioMixer: Display: 	Number of buffers to queue:			  2
[2020.10.24-12.26.50:152][347]LogAudioMixer: Display: 	Max Channels (voices):				  32
[2020.10.24-12.26.50:152][347]LogAudioMixer: Display: 	Number of Async Source Workers:		  0
[2020.10.24-12.26.50:152][347]LogAudio: Display: AudioDevice MaxSources: 32
[2020.10.24-12.26.50:152][347]LogAudio: Display: Using built-in audio occlusion.
[2020.10.24-12.26.50:152][347]LogAudioMixer: Display: Initializing audio mixer.
[2020.10.24-12.26.50:155][347]LogAudioMixer: Display: 0: FrontLeft
[2020.10.24-12.26.50:155][347]LogAudioMixer: Display: 1: FrontRight
[2020.10.24-12.26.50:168][347]LogAudioMixer: Display: Using Audio Device Speakers (High Definition Audio Device)
[2020.10.24-12.26.50:168][347]LogAudioMixer: Display: Initializing Sound Submixes...
[2020.10.24-12.26.50:168][347]LogAudioMixer: Display: Creating Master Submix 'MasterSubmixDefault'
[2020.10.24-12.26.50:168][347]LogAudioMixer: Display: Creating Master Submix 'MasterReverbSubmixDefault'
[2020.10.24-12.26.50:169][347]LogAudioMixer: Display: Creating Master Submix 'MasterEQSubmixDefault'
[2020.10.24-12.26.50:180][347]LogInit: FAudioDevice initialized.
[2020.10.24-12.26.50:188][347]LogLoad: Game class is 'GameModeBase'
[2020.10.24-12.26.50:217][347]LogWorld: Bringing World /Game/Levels/UEDPIE_0_Level1.Level1 up for play (max tick rate 0) at 2020.10.24-17.56.50
[2020.10.24-12.26.50:217][347]LogWorld: Bringing up level for play took: 0.002854
[2020.10.24-12.26.50:217][347]LogOnline: OSS: Creating online subsystem instance for: :Context_1
[2020.10.24-12.26.50:301][347]LogContentBrowser: Native class hierarchy updated for 'MovieSceneCapture' in 0.0004 seconds. Added 20 classes and 0 folders.
[2020.10.24-12.26.50:330][347]PIE: Server logged in
[2020.10.24-12.26.50:340][347]PIE: Play in editor total start time 0.294 seconds.
[2020.10.24-12.26.52:674][615]LogSlate: Updating window title bar state: overlay mode, drag disabled, window buttons hidden, title bar hidden
[2020.10.24-12.26.52:674][615]LogWorld: BeginTearingDown for /Game/Levels/UEDPIE_0_Level1
[2020.10.24-12.26.52:674][615]LogWorld: UWorld::CleanupWorld for Level1, bSessionEnded=true, bCleanupResources=true
[2020.10.24-12.26.52:675][615]LogSlate: InvalidateAllWidgets triggered.  All widgets were invalidated
[2020.10.24-12.26.52:679][615]LogPlayLevel: Display: Shutting down PIE online subsystems
[2020.10.24-12.26.52:680][615]LogSlate: InvalidateAllWidgets triggered.  All widgets were invalidated
[2020.10.24-12.26.52:707][615]LogSlate: Updating window title bar state: overlay mode, drag disabled, window buttons hidden, title bar hidden
[2020.10.24-12.26.52:709][615]LogAISub: UAISubsystem::~UAISubsystem EnvQueryManager (000001C4305A7E00), frame # 615
[2020.10.24-12.26.52:709][615]LogAISub: UAISubsystem::~UAISubsystem AIPerceptionSystem (000001C407A74E00), frame # 615
[2020.10.24-12.26.52:710][615]LogUObjectHash: Compacting FUObjectHashTables data took   0.66ms
[2020.10.24-12.26.52:760][617]LogPlayLevel: Display: Destroying online subsystem :Context_1
[2020.10.24-12.26.54:080][771]LogSlate: Took 0.000158 seconds to synchronously load lazily loaded font '../../../Engine/Content/Slate/Fonts/Roboto-Light.ttf' (167K)
[2020.10.24-12.26.54:092][771]LogAssetEditorSubsystem: Opening Asset editor for Class /Script/BullCowGame.BullCowCartridge
[2020.10.24-12.27.04:190][898]Candidate modules for hot reload:
[2020.10.24-12.27.04:190][898]  BullCowGame
[2020.10.24-12.27.04:190][898]Launching UnrealBuildTool... [D:/Unreal Engine/UE_4.25/Engine/Binaries/DotNET/UnrealBuildTool.exe  -ModuleWithSuffix=BullCowGame,4931 BullCowGameEditor Win64 Development -Project="D:/Unreal Projects/Bulls_and_Cows__UnrealEngine/BullsAndCows/BullCowGame.uproject" "D:/Unreal Projects/Bulls_and_Cows__UnrealEngine/BullsAndCows/BullCowGame.uproject"  -IgnoreJunk]
[2020.10.24-12.27.04:193][898]Warning: Starting HotReload took  0.0s.
[2020.10.24-12.28.01:563][729]CompilerResultsLog: New page: Compilation - 24-Oct-2020, 11:28:01 pm
[2020.10.24-12.28.01:563][729]CompilerResultsLog: Using 'git status' to determine working set for adaptive non-unity build (D:\Unreal Projects\Bulls_and_Cows__UnrealEngine).
[2020.10.24-12.28.01:563][729]CompilerResultsLog: Parsing headers for BullCowGameEditor
[2020.10.24-12.28.01:563][729]CompilerResultsLog:   Running UnrealHeaderTool "D:\Unreal Projects\Bulls_and_Cows__UnrealEngine\BullsAndCows\BullCowGame.uproject" "D:\Unreal Projects\Bulls_and_Cows__UnrealEngine\BullsAndCows\Intermediate\Build\Win64\BullCowGameEditor\Development\BullCowGameEditor.uhtmanifest" -LogCmds="loginit warning, logexit warning, logdatabase error" -Unattended -WarningsAsErrors -abslog="C:\Users\NX-210\AppData\Local\UnrealBuildTool\Log_UHT.txt" -installed
[2020.10.24-12.28.01:563][729]CompilerResultsLog: Reflection code generated for BullCowGameEditor in 34.9803531 seconds
[2020.10.24-12.28.01:563][729]CompilerResultsLog: Building BullCowGameEditor...
[2020.10.24-12.28.01:563][729]CompilerResultsLog: Using Visual Studio 2019 14.27.29112 toolchain (C:\Program Files (x86)\Microsoft Visual Studio\2019\Community\VC\Tools\MSVC\14.27.29110) and Windows 10.0.18362.0 SDK (C:\Program Files (x86)\Windows Kits\10).
[2020.10.24-12.28.01:563][729]CompilerResultsLog: [Upgrade]
[2020.10.24-12.28.01:563][729]CompilerResultsLog: [Upgrade] Using backward-compatible build settings. The latest version of UE4 sets the following values by default, which may require code changes:
[2020.10.24-12.28.01:563][729]CompilerResultsLog: [Upgrade]     bLegacyPublicIncludePaths = false                 => Omits subfolders from public include paths to reduce compiler command line length. (Previously: true).
[2020.10.24-12.28.01:563][729]CompilerResultsLog: [Upgrade]     ShadowVariableWarningLevel = WarningLevel.Error   => Treats shadowed variable warnings as errors. (Previously: WarningLevel.Warning).
[2020.10.24-12.28.01:563][729]CompilerResultsLog: [Upgrade]     PCHUsage = PCHUsageMode.UseExplicitOrSharedPCHs   => Set in build.cs files to enables IWYU-style PCH model. See https://docs.unrealengine.com/en-US/Programming/BuildTools/UnrealBuildTool/IWYU/index.html. (Previously: PCHUsageMode.UseSharedPCHs).
[2020.10.24-12.28.01:563][729]CompilerResultsLog: [Upgrade] Suppress this message by setting 'DefaultBuildSettings = BuildSettingsVersion.V2;' in BullCowGameEditor.Target.cs, and explicitly overriding settings that differ from the new defaults.
[2020.10.24-12.28.01:563][729]CompilerResultsLog: [Upgrade]
[2020.10.24-12.28.01:563][729]CompilerResultsLog: Building 5 actions with 12 processes...
[2020.10.24-12.28.01:563][729]CompilerResultsLog:   [1/5] BullCowCartridge.cpp
[2020.10.24-12.28.01:563][729]CompilerResultsLog:    D:\Unreal Engine\UE_4.25\Engine\Source\Runtime\Core\Public\Containers/UnrealString.h(1412) : error C2338: Invalid argument(s) passed to FString::Printf
[2020.10.24-12.28.01:563][729]CompilerResultsLog:   D:\Unreal Projects\Bulls_and_Cows__UnrealEngine\BullsAndCows\Source\BullCowGame\BullCowCartridge.cpp(10): note: see reference to function template instantiation 'FString FString::Printf<wchar_t[22],FString>(const FmtType (&),FString)' being compiled
[2020.10.24-12.28.01:563][729]CompilerResultsLog:           with
[2020.10.24-12.28.01:563][729]CompilerResultsLog:           [
[2020.10.24-12.28.01:563][729]CompilerResultsLog:               FmtType=wchar_t [22]
[2020.10.24-12.28.01:563][729]CompilerResultsLog:           ]
[2020.10.24-12.28.01:563][729]CompilerResultsLog:    D:\Unreal Engine\UE_4.25\Engine\Source\Runtime\Core\Public\Containers/UnrealString.h(1414) : error C4840: non-portable use of class 'FString' as an argument to a variadic function
[2020.10.24-12.28.01:563][729]CompilerResultsLog:   D:\Unreal Engine\UE_4.25\Engine\Source\Runtime\Core\Public\Containers/UnrealString.h(1414): note: 'FString::FString' is non-trivial
[2020.10.24-12.28.01:563][729]CompilerResultsLog:   D:\Unreal Engine\UE_4.25\Engine\Source\Runtime\Core\Public\Containers/UnrealString.h(64): note: see declaration of 'FString::FString'
[2020.10.24-12.28.01:563][729]CompilerResultsLog:   D:\Unreal Engine\UE_4.25\Engine\Source\Runtime\Core\Public\Containers/UnrealString.h(1414): note: the constructor and destructor will not be called; a bitwise copy of the class will be passed as the argument
[2020.10.24-12.28.01:563][729]CompilerResultsLog:   D:\Unreal Engine\UE_4.25\Engine\Source\Runtime\Core\Public\Windows/WindowsCriticalSection.h(9): note: see declaration of 'FString'
[2020.10.24-12.28.01:563][729]CompilerResultsLog:   [2/5] BullCowCartridge.gen.cpp
[2020.10.24-12.28.01:563][729]LogMainFrame: MainFrame: Module compiling took 57.377 seconds
[2020.10.24-12.28.01:563][729]Warning: HotReload failed, recompile failed
[2020.10.24-12.28.25:983][205]Candidate modules for hot reload:
[2020.10.24-12.28.25:983][205]  BullCowGame
[2020.10.24-12.28.25:983][205]Launching UnrealBuildTool... [D:/Unreal Engine/UE_4.25/Engine/Binaries/DotNET/UnrealBuildTool.exe  -ModuleWithSuffix=BullCowGame,9973 BullCowGameEditor Win64 Development -Project="D:/Unreal Projects/Bulls_and_Cows__UnrealEngine/BullsAndCows/BullCowGame.uproject" "D:/Unreal Projects/Bulls_and_Cows__UnrealEngine/BullsAndCows/BullCowGame.uproject"  -IgnoreJunk]
[2020.10.24-12.28.25:985][205]Warning: Starting HotReload took  0.0s.
[2020.10.24-12.28.27:353][322]CompilerResultsLog: New page: Compilation - 24-Oct-2020, 11:28:27 pm
[2020.10.24-12.28.27:353][322]CompilerResultsLog: Using 'git status' to determine working set for adaptive non-unity build (D:\Unreal Projects\Bulls_and_Cows__UnrealEngine).
[2020.10.24-12.28.27:353][322]CompilerResultsLog: Building BullCowGameEditor...
[2020.10.24-12.28.27:353][322]CompilerResultsLog: Using Visual Studio 2019 14.27.29112 toolchain (C:\Program Files (x86)\Microsoft Visual Studio\2019\Community\VC\Tools\MSVC\14.27.29110) and Windows 10.0.18362.0 SDK (C:\Program Files (x86)\Windows Kits\10).
[2020.10.24-12.28.27:353][322]CompilerResultsLog: [Upgrade]
[2020.10.24-12.28.27:353][322]CompilerResultsLog: [Upgrade] Using backward-compatible build settings. The latest version of UE4 sets the following values by default, which may require code changes:
[2020.10.24-12.28.27:353][322]CompilerResultsLog: [Upgrade]     bLegacyPublicIncludePaths = false                 => Omits subfolders from public include paths to reduce compiler command line length. (Previously: true).
[2020.10.24-12.28.27:353][322]CompilerResultsLog: [Upgrade]     ShadowVariableWarningLevel = WarningLevel.Error   => Treats shadowed variable warnings as errors. (Previously: WarningLevel.Warning).
[2020.10.24-12.28.27:353][322]CompilerResultsLog: [Upgrade]     PCHUsage = PCHUsageMode.UseExplicitOrSharedPCHs   => Set in build.cs files to enables IWYU-style PCH model. See https://docs.unrealengine.com/en-US/Programming/BuildTools/UnrealBuildTool/IWYU/index.html. (Previously: PCHUsageMode.UseSharedPCHs).
[2020.10.24-12.28.27:353][322]CompilerResultsLog: [Upgrade] Suppress this message by setting 'DefaultBuildSettings = BuildSettingsVersion.V2;' in BullCowGameEditor.Target.cs, and explicitly overriding settings that differ from the new defaults.
[2020.10.24-12.28.27:353][322]CompilerResultsLog: [Upgrade]
[2020.10.24-12.28.27:353][322]CompilerResultsLog: Building 4 actions with 12 processes...
[2020.10.24-12.28.27:353][322]CompilerResultsLog:   [1/4] BullCowCartridge.cpp
[2020.10.24-12.28.27:353][322]CompilerResultsLog:    D:\Unreal Engine\UE_4.25\Engine\Source\Runtime\Core\Public\Containers/UnrealString.h(1412) : error C2338: Invalid argument(s) passed to FString::Printf
[2020.10.24-12.28.27:353][322]CompilerResultsLog:   D:\Unreal Projects\Bulls_and_Cows__UnrealEngine\BullsAndCows\Source\BullCowGame\BullCowCartridge.cpp(10): note: see reference to function template instantiation 'FString FString::Printf<wchar_t[22],FString>(const FmtType (&),FString)' being compiled
[2020.10.24-12.28.27:353][322]CompilerResultsLog:           with
[2020.10.24-12.28.27:353][322]CompilerResultsLog:           [
[2020.10.24-12.28.27:353][322]CompilerResultsLog:               FmtType=wchar_t [22]
[2020.10.24-12.28.27:353][322]CompilerResultsLog:           ]
[2020.10.24-12.28.27:353][322]CompilerResultsLog:    D:\Unreal Engine\UE_4.25\Engine\Source\Runtime\Core\Public\Containers/UnrealString.h(1414) : error C4840: non-portable use of class 'FString' as an argument to a variadic function
[2020.10.24-12.28.27:353][322]CompilerResultsLog:   D:\Unreal Engine\UE_4.25\Engine\Source\Runtime\Core\Public\Containers/UnrealString.h(1414): note: 'FString::FString' is non-trivial
[2020.10.24-12.28.27:353][322]CompilerResultsLog:   D:\Unreal Engine\UE_4.25\Engine\Source\Runtime\Core\Public\Containers/UnrealString.h(64): note: see declaration of 'FString::FString'
[2020.10.24-12.28.27:353][322]CompilerResultsLog:   D:\Unreal Engine\UE_4.25\Engine\Source\Runtime\Core\Public\Containers/UnrealString.h(1414): note: the constructor and destructor will not be called; a bitwise copy of the class will be passed as the argument
[2020.10.24-12.28.27:353][322]CompilerResultsLog:   D:\Unreal Engine\UE_4.25\Engine\Source\Runtime\Core\Public\Windows/WindowsCriticalSection.h(9): note: see declaration of 'FString'
[2020.10.24-12.28.27:353][322]LogMainFrame: MainFrame: Module compiling took 1.374 seconds
[2020.10.24-12.28.27:353][322]Warning: HotReload failed, recompile failed
[2020.10.24-12.28.28:849][495]LogSlate: Took 0.000156 seconds to synchronously load lazily loaded font '../../../Engine/Content/Slate/Fonts/DroidSansMono.ttf' (77K)
[2020.10.24-12.28.31:615][827]LogSlate: Window 'Message Log' being destroyed
[2020.10.24-12.28.31:620][827]LogSlate: Window 'Message Log' being destroyed
